<?xml version="1.0" encoding="UTF-8"?>
<coverage generated="1583861493657" clover="3.2.0">
  <project timestamp="1583861493658" name="All files">
    <metrics statements="5" coveredstatements="5" conditionals="0" coveredconditionals="0" methods="1" coveredmethods="1" elements="6" coveredelements="6" complexity="0" loc="5" ncloc="5" packages="1" files="1" classes="1"/>
    <file name="array-map.js" path="/Users/joshford/alchemy/career-track/data-structures-and-algorithms/arrayMap/array-map.js">
      <metrics statements="5" coveredstatements="5" conditionals="0" coveredconditionals="0" methods="1" coveredmethods="1"/>
      <line num="2" count="5" type="stmt"/>
      <line num="3" count="5" type="stmt"/>
      <line num="4" count="15" type="stmt"/>
      <line num="6" count="5" type="stmt"/>
      <line num="9" count="1" type="stmt"/>
    </file>
  </project>
</coverage>
